uBridge version 0.9.16 running with Npcap version 1.88, based on libpcap version 1.10.6 (64-bit time_t)
Hypervisor TCP control server started (IP localhost port 62605).
UDP tunnel connecting from local port 10000 to IPv4 addresss 127.0.0.1 on port 10001
Ethernet interface \Device\NPF_{CB3E0218-19A6-4413-A951-2EDC05D608B3}
Source NIO listener thread for 81c74666-cfc1-443f-b40e-aff63842eafb-0 has started
Destination NIO listener thread for 81c74666-cfc1-443f-b40e-aff63842eafb-0 has started
UDP tunnel connecting from local port 10004 to IPv4 addresss 127.0.0.1 on port 10005
Ethernet interface \Device\NPF_{CB3E0218-19A6-4413-A951-2EDC05D608B3}
Source NIO listener thread for 81c74666-cfc1-443f-b40e-aff63842eafb-0 has started
Destination NIO listener thread for 81c74666-cfc1-443f-b40e-aff63842eafb-0 has started
UDP tunnel connecting from local port 10000 to IPv4 addresss 127.0.0.1 on port 10001
Ethernet interface \Device\NPF_{CB3E0218-19A6-4413-A951-2EDC05D608B3}
Source NIO listener thread for 81c74666-cfc1-443f-b40e-aff63842eafb-0 has started
Destination NIO listener thread for 81c74666-cfc1-443f-b40e-aff63842eafb-0 has started
pcap_next_ex: The interface disappeared (error code ERROR_DEVICE_REMOVED/STATUS_DEVICE_REMOVED)
recv: No error
Destination NIO listener thread for 81c74666-cfc1-443f-b40e-aff63842eafb-0 has stopped
UDP tunnel connecting from local port 10000 to IPv4 addresss 127.0.0.1 on port 10001
Ethernet interface \Device\NPF_{CB3E0218-19A6-4413-A951-2EDC05D608B3}
Source NIO listener thread for 81c74666-cfc1-443f-b40e-aff63842eafb-0 has started
Destination NIO listener thread for 81c74666-cfc1-443f-b40e-aff63842eafb-0 has started
UDP tunnel connecting from local port 10000 to IPv4 addresss 127.0.0.1 on port 10001
Ethernet interface \Device\NPF_{CB3E0218-19A6-4413-A951-2EDC05D608B3}
Source NIO listener thread for 81c74666-cfc1-443f-b40e-aff63842eafb-0 has started
Destination NIO listener thread for 81c74666-cfc1-443f-b40e-aff63842eafb-0 has started
pcap_next_ex: The interface disappeared (error code ERROR_DEVICE_REMOVED/STATUS_DEVICE_REMOVED)
recv: No error
Destination NIO listener thread for 81c74666-cfc1-443f-b40e-aff63842eafb-0 has stopped
Hypervisor: closing control sockets.
Hypervisor: closing remote client connections.
Hypervisor: stopped.
